2022-08-15 08:13:53,654 INFO o.a.j.u.JMeterUtils: Setting Locale to en_US
2022-08-15 08:13:53,673 INFO o.a.j.JMeter: Loading user properties from: user.properties
2022-08-15 08:13:53,674 INFO o.a.j.JMeter: Loading system properties from: system.properties
2022-08-15 08:13:53,680 INFO o.a.j.JMeter: Copyright (c) 1998-2022 The Apache Software Foundation
2022-08-15 08:13:53,680 INFO o.a.j.JMeter: Version 5.5
2022-08-15 08:13:53,680 INFO o.a.j.JMeter: java.version=18.0.2
2022-08-15 08:13:53,680 INFO o.a.j.JMeter: java.vm.name=Java HotSpot(TM) 64-Bit Server VM
2022-08-15 08:13:53,681 INFO o.a.j.JMeter: os.name=Windows 11
2022-08-15 08:13:53,681 INFO o.a.j.JMeter: os.arch=amd64
2022-08-15 08:13:53,681 INFO o.a.j.JMeter: os.version=10.0
2022-08-15 08:13:53,681 INFO o.a.j.JMeter: file.encoding=UTF-8
2022-08-15 08:13:53,681 INFO o.a.j.JMeter: java.awt.headless=null
2022-08-15 08:13:53,681 INFO o.a.j.JMeter: Max memory     =4244635648
2022-08-15 08:13:53,681 INFO o.a.j.JMeter: Available Processors =8
2022-08-15 08:13:53,687 INFO o.a.j.JMeter: Default Locale=English (United States)
2022-08-15 08:13:53,687 INFO o.a.j.JMeter: JMeter  Locale=English (United States)
2022-08-15 08:13:53,687 INFO o.a.j.JMeter: JMeterHome=C:\Users\tsond\OneDrive\Documents\GitHub\Foreign_Wires\apache-jmeter-5.5
2022-08-15 08:13:53,687 INFO o.a.j.JMeter: user.dir  =C:\Users\tsond\OneDrive\Documents\GitHub\Foreign_Wires\apache-jmeter-5.5\bin
2022-08-15 08:13:53,688 INFO o.a.j.JMeter: PWD       =C:\Users\tsond\OneDrive\Documents\GitHub\Foreign_Wires\apache-jmeter-5.5\bin
2022-08-15 08:13:53,689 INFO o.a.j.JMeter: IP: 172.20.96.1 Name: DESKTOP-JNK03IL FullName: DESKTOP-JNK03IL.mshome.net
2022-08-15 08:13:53,699 INFO o.a.j.JMeter: Loaded icon properties from org/apache/jmeter/images/icon.properties
2022-08-15 08:13:53,848 INFO o.a.j.JMeterGuiLauncher: Setting LAF to: com.github.weisj.darklaf.DarkLaf:com.github.weisj.darklaf.theme.DarculaTheme
2022-08-15 08:14:10,895 INFO o.a.j.s.FileServer: Default base='C:\Users\tsond\OneDrive\Documents\GitHub\Foreign_Wires\apache-jmeter-5.5\bin'
2022-08-15 08:14:10,899 INFO o.a.j.g.a.Load: Loading file: C:\Users\tsond\OneDrive\Documents\GitHub\Foreign_Wires\apache-jmeter-5.5\bin\templates\Verification.jmx
2022-08-15 08:14:10,900 INFO o.a.j.s.FileServer: Set new base='C:\Users\tsond\OneDrive\Documents\GitHub\Foreign_Wires\apache-jmeter-5.5\bin\templates'
2022-08-15 08:14:11,127 INFO o.a.j.s.SaveService: Testplan (JMX) version: 2.2. Testlog (JTL) version: 2.2
2022-08-15 08:14:11,147 INFO o.a.j.s.SaveService: Using SaveService properties version 5.0
2022-08-15 08:14:11,148 INFO o.a.j.s.SaveService: Using SaveService properties file encoding UTF-8
2022-08-15 08:14:11,150 INFO o.a.j.s.SaveService: Loading file: C:\Users\tsond\OneDrive\Documents\GitHub\Foreign_Wires\apache-jmeter-5.5\bin\templates\Verification.jmx
2022-08-15 08:14:11,168 INFO o.a.j.p.h.s.HTTPSamplerBase: Parser for text/html is org.apache.jmeter.protocol.http.parser.LagartoBasedHtmlParser
2022-08-15 08:14:11,168 INFO o.a.j.p.h.s.HTTPSamplerBase: Parser for application/xhtml+xml is org.apache.jmeter.protocol.http.parser.LagartoBasedHtmlParser
2022-08-15 08:14:11,169 INFO o.a.j.p.h.s.HTTPSamplerBase: Parser for application/xml is org.apache.jmeter.protocol.http.parser.LagartoBasedHtmlParser
2022-08-15 08:14:11,169 INFO o.a.j.p.h.s.HTTPSamplerBase: Parser for text/xml is org.apache.jmeter.protocol.http.parser.LagartoBasedHtmlParser
2022-08-15 08:14:11,169 INFO o.a.j.p.h.s.HTTPSamplerBase: Parser for text/vnd.wap.wml is org.apache.jmeter.protocol.http.parser.RegexpHTMLParser
2022-08-15 08:14:11,169 INFO o.a.j.p.h.s.HTTPSamplerBase: Parser for text/css is org.apache.jmeter.protocol.http.parser.CssParser
2022-08-15 08:14:11,272 INFO o.a.j.s.SampleResult: Note: Sample TimeStamps are START times
2022-08-15 08:14:11,272 INFO o.a.j.s.SampleResult: sampleresult.default.encoding is set to ISO-8859-1
2022-08-15 08:14:11,272 INFO o.a.j.s.SampleResult: sampleresult.useNanoTime=true
2022-08-15 08:14:11,272 INFO o.a.j.s.SampleResult: sampleresult.nanoThreadSleep=5000
2022-08-15 08:14:11,407 INFO o.a.j.v.ViewResultsFullVisualizer: Add JavaFX to your Java installation if you want to use renderer: org.apache.jmeter.visualizers.RenderInBrowser
2022-08-15 08:14:11,536 INFO o.a.j.s.FileServer: Set new base='C:\Users\tsond\OneDrive\Documents\GitHub\Foreign_Wires\apache-jmeter-5.5\bin\templates'
2022-08-15 08:14:44,320 INFO o.a.j.e.StandardJMeterEngine: Running the test!
2022-08-15 08:14:44,321 INFO o.a.j.s.SampleEvent: List of sample_variables: []
2022-08-15 08:14:44,321 INFO o.a.j.s.SampleEvent: List of sample_variables: []
2022-08-15 08:14:44,322 INFO o.a.j.e.u.CompoundVariable: Note: Function class names must contain the string: '.functions.'
2022-08-15 08:14:44,322 INFO o.a.j.e.u.CompoundVariable: Note: Function class names must not contain the string: '.gui.'
2022-08-15 08:14:44,349 INFO o.a.j.g.u.JMeterMenuBar: setRunning(true, *local*)
2022-08-15 08:14:44,384 INFO o.a.j.e.StandardJMeterEngine: Starting ThreadGroup: 1 : Users
2022-08-15 08:14:44,384 INFO o.a.j.e.StandardJMeterEngine: Starting 5 threads for group Users.
2022-08-15 08:14:44,384 INFO o.a.j.e.StandardJMeterEngine: Thread will continue on error
2022-08-15 08:14:44,384 INFO o.a.j.t.ThreadGroup: Starting thread group... number=1 threads=5 ramp-up=2 delayedStart=false
2022-08-15 08:14:44,387 INFO o.a.j.t.JMeterThread: Thread started: Users 1-1
2022-08-15 08:14:44,388 INFO o.a.j.t.ThreadGroup: Started thread group number 1
2022-08-15 08:14:44,388 INFO o.a.j.e.StandardJMeterEngine: All thread groups have been started
2022-08-15 08:14:44,399 INFO o.a.j.p.h.s.HTTPHCAbstractImpl: Local host = DESKTOP-JNK03IL
2022-08-15 08:14:44,405 INFO o.a.j.p.h.s.HTTPHC4Impl: HTTP request retry count = 0
2022-08-15 08:14:44,534 INFO o.a.j.p.h.s.h.LazyLayeredConnectionSocketFactory: Setting up HTTPS TrustAll Socket Factory
2022-08-15 08:14:44,550 INFO o.a.j.u.JsseSSLManager: Using default SSL protocol: TLS
2022-08-15 08:14:44,550 INFO o.a.j.u.JsseSSLManager: SSL session context: per-thread
2022-08-15 08:14:44,722 INFO o.a.j.u.SSLManager: JmeterKeyStore Location:  type JKS
2022-08-15 08:14:44,725 INFO o.a.j.u.SSLManager: KeyStore created OK
2022-08-15 08:14:44,725 WARN o.a.j.u.SSLManager: Keystore file not found, loading empty keystore
2022-08-15 08:14:44,785 INFO o.a.j.t.JMeterThread: Thread started: Users 1-2
2022-08-15 08:14:45,185 INFO o.a.j.t.JMeterThread: Thread started: Users 1-3
2022-08-15 08:14:45,227 INFO o.a.j.t.JMeterThread: Thread is done: Users 1-1
2022-08-15 08:14:45,227 INFO o.a.j.t.JMeterThread: Thread finished: Users 1-1
2022-08-15 08:14:45,230 INFO o.a.j.t.JMeterThread: Thread is done: Users 1-2
2022-08-15 08:14:45,230 INFO o.a.j.t.JMeterThread: Thread finished: Users 1-2
2022-08-15 08:14:45,549 INFO o.a.j.t.JMeterThread: Thread is done: Users 1-3
2022-08-15 08:14:45,550 INFO o.a.j.t.JMeterThread: Thread finished: Users 1-3
2022-08-15 08:14:45,584 INFO o.a.j.t.JMeterThread: Thread started: Users 1-4
2022-08-15 08:14:45,946 INFO o.a.j.t.JMeterThread: Thread is done: Users 1-4
2022-08-15 08:14:45,946 INFO o.a.j.t.JMeterThread: Thread finished: Users 1-4
2022-08-15 08:14:45,985 INFO o.a.j.t.JMeterThread: Thread started: Users 1-5
2022-08-15 08:14:46,311 INFO o.a.j.t.JMeterThread: Thread is done: Users 1-5
2022-08-15 08:14:46,311 INFO o.a.j.t.JMeterThread: Thread finished: Users 1-5
2022-08-15 08:14:46,312 INFO o.a.j.e.StandardJMeterEngine: Notifying test listeners of end of test
2022-08-15 08:14:46,312 INFO o.a.j.g.u.JMeterMenuBar: setRunning(false, *local*)
